<?xml version="1.0" encoding="utf-8"?><testsuites name="pytest tests"><testsuite name="pytest" errors="0" failures="0" skipped="0" tests="24" time="7.584" timestamp="2026-09-22T06:51:25.540897+00:00" hostname="agent-env-b741d0e6-ab70-4c72-b647-1fa46d677c00"><testcase classname="tests.test_auth_and_session" name="test_api_root_health" time="0.233" /><testcase classname="tests.test_auth_and_session" name="test_me_unauthenticated_returns_401" time="0.112" /><testcase classname="tests.test_auth_and_session" name="test_login_success_sets_cookie_and_returns_expected_user" time="0.416" /><testcase classname="tests.test_auth_and_session" name="test_login_bad_credentials_returns_401" time="0.335" /><testcase classname="tests.test_security_core_flows.TestDevicesAlertsAndScore" name="test_no_device_report_returns_friendly_400" time="0.952" /><testcase classname="tests.test_auth_and_session" name="test_invalid_bearer_token_rejected" time="0.129" /><testcase classname="tests.test_auth_and_session" name="test_logout_revokes_current_session" time="0.489" /><testcase classname="tests.test_security_core_flows.TestDevicesAlertsAndScore" name="test_single_fully_controlled_device_yields_100" time="0.883" /><testcase classname="tests.test_auth_and_session" name="test_duplicate_register_is_blocked" time="0.337" /><testcase classname="tests.test_auth_and_session" name="test_register_short_password_validation" time="0.128" /><testcase classname="tests.test_auth_and_session" name="test_register_whitespace_name_validation" time="0.123" /><testcase classname="tests.test_auth_and_session" name="test_google_session_invalid_id_is_rejected" time="0.215" /><testcase classname="tests.test_security_core_flows.TestDevicesAlertsAndScore" name="test_all_false_with_review_yields_0_and_open_control_alert" time="0.985" /><testcase classname="tests.test_security_core_flows.TestDevicesAlertsAndScore" name="test_control_alert_resolves_when_all_controls_met" time="0.626" /><testcase classname="tests.test_security_core_flows.TestTenantIsolationAndReports" name="test_qa2_cannot_edit_or_remove_qa1_device" time="1.051" /><testcase classname="tests.test_security_core_flows.TestDevicesAlertsAndScore" name="test_remove_device_and_verify_not_found" time="0.612" /><testcase classname="tests.test_support_flows.TestSupportAuthAndRole" name="test_support_tickets_requires_auth" time="0.126" /><testcase classname="tests.test_support_flows.TestSupportAuthAndRole" name="test_nonstaff_inbox_forbidden" time="0.459" /><testcase classname="tests.test_security_core_flows.TestTenantIsolationAndReports" name="test_qa2_cannot_toggle_qa1_alert" time="0.912" /><testcase classname="tests.test_support_flows.TestSupportAuthAndRole" name="test_signup_cannot_self_assign_support_staff" time="0.490" /><testcase classname="tests.test_security_core_flows.TestTenantIsolationAndReports" name="test_report_generation_and_persistence" time="0.625" /><testcase classname="tests.test_support_flows.TestSupportTicketIsolationAndWorkflow" name="test_cross_user_ticket_access_blocked" time="1.041" /><testcase classname="tests.test_security_core_flows.TestSecurityWorkspace" name="test_workspace_save_and_dashboard_persistence" time="0.495" /><testcase classname="tests.test_support_flows.TestSupportTicketIsolationAndWorkflow" name="test_customer_staff_reply_and_status_flow" time="1.071" /></testsuite></testsuites>