<?xml version="1.0" encoding="utf-8"?><testsuites name="pytest tests"><testsuite name="pytest" errors="0" failures="0" skipped="0" tests="9" time="4.266" timestamp="2026-09-22T06:22:02.514087+00:00" hostname="agent-env-b741d0e6-ab70-4c72-b647-1fa46d677c00"><testcase classname="tests.test_security_core_flows.TestDevicesAlertsAndScore" name="test_no_device_report_returns_friendly_400" time="0.923" /><testcase classname="tests.test_security_core_flows.TestTenantIsolationAndReports" name="test_qa2_cannot_edit_or_remove_qa1_device" time="1.114" /><testcase classname="tests.test_security_core_flows.TestDevicesAlertsAndScore" name="test_single_fully_controlled_device_yields_100" time="0.916" /><testcase classname="tests.test_security_core_flows.TestTenantIsolationAndReports" name="test_qa2_cannot_toggle_qa1_alert" time="0.906" /><testcase classname="tests.test_security_core_flows.TestTenantIsolationAndReports" name="test_report_generation_and_persistence" time="0.608" /><testcase classname="tests.test_security_core_flows.TestDevicesAlertsAndScore" name="test_all_false_with_review_yields_0_and_open_control_alert" time="0.988" /><testcase classname="tests.test_security_core_flows.TestSecurityWorkspace" name="test_workspace_save_and_dashboard_persistence" time="0.489" /><testcase classname="tests.test_security_core_flows.TestDevicesAlertsAndScore" name="test_control_alert_resolves_when_all_controls_met" time="0.593" /><testcase classname="tests.test_security_core_flows.TestDevicesAlertsAndScore" name="test_remove_device_and_verify_not_found" time="0.525" /></testsuite></testsuites>